<?xml version="1.0" encoding="UTF-8"?>
<!-- Generated by org.testng.reporters.JUnitReportReporter -->
<testsuite hostname="LIN76001689" failures="0" tests="2" name="com.appiumtesting.DataProviderDemo" time="100.461" errors="0" timestamp="2024-04-16T12:03:36 IST" skipped="0">
  <testcase classname="com.appiumtesting.DataProviderDemo" name="formPageUsingDataProvider" time="50.231"/>
  <system-out/>
  <testcase classname="com.appiumtesting.DataProviderDemo" name="formPageUsingDataProvider" time="50.230"/>
  <system-out/>
</testsuite> <!-- com.appiumtesting.DataProviderDemo -->
