<?xml version="1.0" encoding="UTF-8"?>
<!-- Generated by org.testng.reporters.JUnitReportReporter -->
<testsuite hostname="LIN76001689" failures="0" tests="1" name="com.appiumtesting.AddToCart" time="69.712" errors="0" timestamp="2024-04-16T12:03:36 IST" skipped="0">
  <testcase classname="com.appiumtesting.AddToCart" name="addTheProductToCart" time="69.712"/>
  <system-out/>
</testsuite> <!-- com.appiumtesting.AddToCart -->
